#
# There is insufficient memory for the Java Runtime Environment to continue.
# Native memory allocation (malloc) failed to allocate 1517616 bytes for Chunk::new
# Possible reasons:
#   The system is out of physical RAM or swap space
#   In 32 bit mode, the process size limit was hit
# Possible solutions:
#   Reduce memory load on the system
#   Increase physical memory or swap space
#   Check if swap backing store is full
#   Use 64 bit Java on a 64 bit OS
#   Decrease Java heap size (-Xmx/-Xms)
#   Decrease number of Java threads
#   Decrease Java thread stack sizes (-Xss)
#   Set larger code cache with -XX:ReservedCodeCacheSize=
# This output file may be truncated or incomplete.
#
#  Out of Memory Error (allocation.cpp:390), pid=13144, tid=6840
#
# JRE version: Java(TM) SE Runtime Environment (8.0_45-b15) (build 1.8.0_45-b15)
# Java VM: Java HotSpot(TM) 64-Bit Server VM (25.45-b02 mixed mode windows-amd64 compressed oops)
# Failed to write core dump. Minidumps are not enabled by default on client versions of Windows
#

---------------  T H R E A D  ---------------

Current thread (0x00000000161b1000):  JavaThread "C2 CompilerThread1" daemon [_thread_in_native, id=6840, stack(0x00000000165b0000,0x00000000166b0000)]

Stack: [0x00000000165b0000,0x00000000166b0000]
Native frames: (J=compiled Java code, j=interpreted, Vv=VM code, C=native code)
V  [jvm.dll+0x32b57a]
V  [jvm.dll+0x279873]
V  [jvm.dll+0x27a509]
V  [jvm.dll+0x271825]
V  [jvm.dll+0xcb9e2]
V  [jvm.dll+0xcbeac]
V  [jvm.dll+0x4929e7]
V  [jvm.dll+0x45f6ff]
V  [jvm.dll+0x46a73b]
V  [jvm.dll+0x46cd52]
V  [jvm.dll+0x4500f2]
V  [jvm.dll+0xa4352]
V  [jvm.dll+0xa4c8f]
V  [jvm.dll+0x241984]
V  [jvm.dll+0x29853a]
C  [msvcr100.dll+0x21d9f]
C  [msvcr100.dll+0x21e3b]
C  [KERNEL32.DLL+0x13d2]
C  [ntdll.dll+0x154f4]


Current CompileTask:
C2:  13458 3065   !   4       java.net.URLClassLoader$1::run (63 bytes)


---------------  P R O C E S S  ---------------

Java Threads: ( => current thread )
  0x0000000016234800 JavaThread "Service Thread" daemon [_thread_blocked, id=13380, stack(0x00000000167b0000,0x00000000168b0000)]
  0x00000000161c8800 JavaThread "C1 CompilerThread2" daemon [_thread_blocked, id=8836, stack(0x00000000166b0000,0x00000000167b0000)]
=>0x00000000161b1000 JavaThread "C2 CompilerThread1" daemon [_thread_in_native, id=6840, stack(0x00000000165b0000,0x00000000166b0000)]
  0x0000000014b9b000 JavaThread "C2 CompilerThread0" daemon [_thread_in_native, id=9728, stack(0x00000000160b0000,0x00000000161b0000)]
  0x0000000014b99000 JavaThread "Attach Listener" daemon [_thread_blocked, id=4752, stack(0x0000000015fb0000,0x00000000160b0000)]
  0x0000000014b98800 JavaThread "Signal Dispatcher" daemon [_thread_blocked, id=10188, stack(0x0000000015eb0000,0x0000000015fb0000)]
  0x0000000002456800 JavaThread "Finalizer" daemon [_thread_blocked, id=5096, stack(0x0000000015db0000,0x0000000015eb0000)]
  0x000000000244e800 JavaThread "Reference Handler" daemon [_thread_blocked, id=10124, stack(0x0000000015cb0000,0x0000000015db0000)]
  0x000000000253d800 JavaThread "main" [_thread_in_native, id=12876, stack(0x00000000007d0000,0x00000000008d0000)]

Other Threads:
  0x0000000014b07000 VMThread [stack: 0x0000000015bb0000,0x0000000015cb0000] [id=13020]
  0x000000001624f000 WatcherThread [stack: 0x00000000168b0000,0x00000000169b0000] [id=9396]

VM state:not at safepoint (normal execution)

VM Mutex/Monitor currently owned by a thread: None

Heap:
 PSYoungGen      total 31232K, used 29910K [0x00000000eb200000, 0x00000000edf00000, 0x0000000100000000)
  eden space 26112K, 98% used [0x00000000eb200000,0x00000000ecb05718,0x00000000ecb80000)
  from space 5120K, 83% used [0x00000000ecb80000,0x00000000ecfb0350,0x00000000ed080000)
  to   space 5632K, 0% used [0x00000000ed980000,0x00000000ed980000,0x00000000edf00000)
 ParOldGen       total 28160K, used 5204K [0x00000000c1600000, 0x00000000c3180000, 0x00000000eb200000)
  object space 28160K, 18% used [0x00000000c1600000,0x00000000c1b153d0,0x00000000c3180000)
 Metaspace       used 18825K, capacity 19312K, committed 19456K, reserved 1067008K
  class space    used 2291K, capacity 2459K, committed 2560K, reserved 1048576K

Card table byte_map: [0x0000000011900000,0x0000000011b00000] byte_map_base: 0x00000000112f5000

Marking Bits: (ParMarkBitMap*) 0x0000000076354040
 Begin Bits: [0x0000000012050000, 0x0000000012ff8000)
 End Bits:   [0x0000000012ff8000, 0x0000000013fa0000)

Polling page: 0x00000000007a0000

CodeCache: size=245760Kb used=9579Kb max_used=9654Kb free=236180Kb
 bounds [0x0000000002540000, 0x0000000002ec0000, 0x0000000011540000]
 total_blobs=3342 nmethods=2945 adapters=309
 compilation: enabled

Compilation events (10 events):
Event: 12.987 Thread 0x00000000161c8800 3119       3       org.codehaus.plexus.util.SelectorUtils::tokenizePath (38 bytes)
Event: 12.988 Thread 0x00000000161c8800 nmethod 3119 0x000000000286ae10 code [0x000000000286afe0, 0x000000000286b608]
Event: 12.990 Thread 0x00000000161c8800 3120       3       org.codehaus.plexus.util.SelectorUtils::match (534 bytes)
Event: 12.994 Thread 0x00000000161c8800 nmethod 3120 0x00000000028686d0 code [0x00000000028689a0, 0x000000000286a158]
Event: 12.994 Thread 0x00000000161c8800 3121       3       org.codehaus.plexus.util.AbstractScanner::matchPath (7 bytes)
Event: 12.995 Thread 0x00000000161c8800 nmethod 3121 0x0000000002868350 code [0x00000000028684c0, 0x0000000002868628]
Event: 12.995 Thread 0x00000000161c8800 3122       3       org.codehaus.plexus.util.SelectorUtils::matchPath (129 bytes)
Event: 13.024 Thread 0x00000000161c8800 nmethod 3122 0x00000000028659d0 code [0x0000000002865ca0, 0x0000000002867798]
Event: 13.375 Thread 0x00000000161c8800 3123       3       org.codehaus.plexus.util.SelectorUtils::matchAntPathPattern (566 bytes)
Event: 13.378 Thread 0x00000000161c8800 nmethod 3123 0x00000000028e6b90 code [0x00000000028e6f80, 0x00000000028e98c8]

GC Heap History (10 events):
Event: 4.965 GC heap before
{Heap before GC invocations=6 (full 1):
 PSYoungGen      total 18944K, used 2541K [0x00000000eb200000, 0x00000000ec700000, 0x0000000100000000)
  eden space 16384K, 0% used [0x00000000eb200000,0x00000000eb200000,0x00000000ec200000)
  from space 2560K, 99% used [0x00000000ec200000,0x00000000ec47b7c0,0x00000000ec480000)
  to   space 2560K, 0% used [0x00000000ec480000,0x00000000ec480000,0x00000000ec700000)
 ParOldGen       total 44032K, used 6718K [0x00000000c1600000, 0x00000000c4100000, 0x00000000eb200000)
  object space 44032K, 15% used [0x00000000c1600000,0x00000000c1c8f840,0x00000000c4100000)
 Metaspace       used 12188K, capacity 12356K, committed 12416K, reserved 1064960K
  class space    used 1523K, capacity 1608K, committed 1664K, reserved 1048576K
Event: 5.018 GC heap after
Heap after GC invocations=6 (full 1):
 PSYoungGen      total 18944K, used 0K [0x00000000eb200000, 0x00000000ec700000, 0x0000000100000000)
  eden space 16384K, 0% used [0x00000000eb200000,0x00000000eb200000,0x00000000ec200000)
  from space 2560K, 0% used [0x00000000ec200000,0x00000000ec200000,0x00000000ec480000)
  to   space 2560K, 0% used [0x00000000ec480000,0x00000000ec480000,0x00000000ec700000)
 ParOldGen       total 28160K, used 3873K [0x00000000c1600000, 0x00000000c3180000, 0x00000000eb200000)
  object space 28160K, 13% used [0x00000000c1600000,0x00000000c19c8400,0x00000000c3180000)
 Metaspace       used 12188K, capacity 12356K, committed 12416K, reserved 1062912K
  class space    used 1523K, capacity 1608K, committed 1664K, reserved 1048576K
}
Event: 5.736 GC heap before
{Heap before GC invocations=7 (full 1):
 PSYoungGen      total 18944K, used 16384K [0x00000000eb200000, 0x00000000ec700000, 0x0000000100000000)
  eden space 16384K, 100% used [0x00000000eb200000,0x00000000ec200000,0x00000000ec200000)
  from space 2560K, 0% used [0x00000000ec200000,0x00000000ec200000,0x00000000ec480000)
  to   space 2560K, 0% used [0x00000000ec480000,0x00000000ec480000,0x00000000ec700000)
 ParOldGen       total 28160K, used 3873K [0x00000000c1600000, 0x00000000c3180000, 0x00000000eb200000)
  object space 28160K, 13% used [0x00000000c1600000,0x00000000c19c8400,0x00000000c3180000)
 Metaspace       used 14287K, capacity 14534K, committed 14720K, reserved 1062912K
  class space    used 1781K, capacity 1875K, committed 1920K, reserved 1048576K
Event: 5.742 GC heap after
Heap after GC invocations=7 (full 1):
 PSYoungGen      total 18944K, used 2545K [0x00000000eb200000, 0x00000000ec700000, 0x0000000100000000)
  eden space 16384K, 0% used [0x00000000eb200000,0x00000000eb200000,0x00000000ec200000)
  from space 2560K, 99% used [0x00000000ec480000,0x00000000ec6fc760,0x00000000ec700000)
  to   space 2560K, 0% used [0x00000000ec200000,0x00000000ec200000,0x00000000ec480000)
 ParOldGen       total 28160K, used 3890K [0x00000000c1600000, 0x00000000c3180000, 0x00000000eb200000)
  object space 28160K, 13% used [0x00000000c1600000,0x00000000c19cc948,0x00000000c3180000)
 Metaspace       used 14287K, capacity 14534K, committed 14720K, reserved 1062912K
  class space    used 1781K, capacity 1875K, committed 1920K, reserved 1048576K
}
Event: 7.145 GC heap before
{Heap before GC invocations=8 (full 1):
 PSYoungGen      total 18944K, used 18929K [0x00000000eb200000, 0x00000000ec700000, 0x0000000100000000)
  eden space 16384K, 100% used [0x00000000eb200000,0x00000000ec200000,0x00000000ec200000)
  from space 2560K, 99% used [0x00000000ec480000,0x00000000ec6fc760,0x00000000ec700000)
  to   space 2560K, 0% used [0x00000000ec200000,0x00000000ec200000,0x00000000ec480000)
 ParOldGen       total 28160K, used 3890K [0x00000000c1600000, 0x00000000c3180000, 0x00000000eb200000)
  object space 28160K, 13% used [0x00000000c1600000,0x00000000c19cc948,0x00000000c3180000)
 Metaspace       used 15186K, capacity 15422K, committed 15616K, reserved 1064960K
  class space    used 1868K, capacity 1975K, committed 2048K, reserved 1048576K
Event: 7.153 GC heap after
Heap after GC invocations=8 (full 1):
 PSYoungGen      total 18944K, used 2528K [0x00000000eb200000, 0x00000000ed700000, 0x0000000100000000)
  eden space 16384K, 0% used [0x00000000eb200000,0x00000000eb200000,0x00000000ec200000)
  from space 2560K, 98% used [0x00000000ec200000,0x00000000ec478020,0x00000000ec480000)
  to   space 5632K, 0% used [0x00000000ed180000,0x00000000ed180000,0x00000000ed700000)
 ParOldGen       total 28160K, used 4248K [0x00000000c1600000, 0x00000000c3180000, 0x00000000eb200000)
  object space 28160K, 15% used [0x00000000c1600000,0x00000000c1a263c0,0x00000000c3180000)
 Metaspace       used 15186K, capacity 15422K, committed 15616K, reserved 1064960K
  class space    used 1868K, capacity 1975K, committed 2048K, reserved 1048576K
}
Event: 8.502 GC heap before
{Heap before GC invocations=9 (full 1):
 PSYoungGen      total 18944K, used 18912K [0x00000000eb200000, 0x00000000ed700000, 0x0000000100000000)
  eden space 16384K, 100% used [0x00000000eb200000,0x00000000ec200000,0x00000000ec200000)
  from space 2560K, 98% used [0x00000000ec200000,0x00000000ec478020,0x00000000ec480000)
  to   space 5632K, 0% used [0x00000000ed180000,0x00000000ed180000,0x00000000ed700000)
 ParOldGen       total 28160K, used 4248K [0x00000000c1600000, 0x00000000c3180000, 0x00000000eb200000)
  object space 28160K, 15% used [0x00000000c1600000,0x00000000c1a263c0,0x00000000c3180000)
 Metaspace       used 15460K, capacity 15678K, committed 15872K, reserved 1064960K
  class space    used 1884K, capacity 1975K, committed 2048K, reserved 1048576K
Event: 8.512 GC heap after
Heap after GC invocations=9 (full 1):
 PSYoungGen      total 30208K, used 3168K [0x00000000eb200000, 0x00000000ed580000, 0x0000000100000000)
  eden space 26112K, 0% used [0x00000000eb200000,0x00000000eb200000,0x00000000ecb80000)
  from space 4096K, 77% used [0x00000000ed180000,0x00000000ed498000,0x00000000ed580000)
  to   space 5120K, 0% used [0x00000000ecb80000,0x00000000ecb80000,0x00000000ed080000)
 ParOldGen       total 28160K, used 4256K [0x00000000c1600000, 0x00000000c3180000, 0x00000000eb200000)
  object space 28160K, 15% used [0x00000000c1600000,0x00000000c1a283c0,0x00000000c3180000)
 Metaspace       used 15460K, capacity 15678K, committed 15872K, reserved 1064960K
  class space    used 1884K, capacity 1975K, committed 2048K, reserved 1048576K
}
Event: 10.581 GC heap before
{Heap before GC invocations=10 (full 1):
 PSYoungGen      total 30208K, used 29280K [0x00000000eb200000, 0x00000000ed580000, 0x0000000100000000)
  eden space 26112K, 100% used [0x00000000eb200000,0x00000000ecb80000,0x00000000ecb80000)
  from space 4096K, 77% used [0x00000000ed180000,0x00000000ed498000,0x00000000ed580000)
  to   space 5120K, 0% used [0x00000000ecb80000,0x00000000ecb80000,0x00000000ed080000)
 ParOldGen       total 28160K, used 4256K [0x00000000c1600000, 0x00000000c3180000, 0x00000000eb200000)
  object space 28160K, 15% used [0x00000000c1600000,0x00000000c1a283c0,0x00000000c3180000)
 Metaspace       used 16626K, capacity 17068K, committed 17280K, reserved 1067008K
  class space    used 1992K, capacity 2120K, committed 2176K, reserved 1048576K
Event: 10.591 GC heap after
Heap after GC invocations=10 (full 1):
 PSYoungGen      total 31232K, used 4288K [0x00000000eb200000, 0x00000000edf00000, 0x0000000100000000)
  eden space 26112K, 0% used [0x00000000eb200000,0x00000000eb200000,0x00000000ecb80000)
  from space 5120K, 83% used [0x00000000ecb80000,0x00000000ecfb0350,0x00000000ed080000)
  to   space 5632K, 0% used [0x00000000ed980000,0x00000000ed980000,0x00000000edf00000)
 ParOldGen       total 28160K, used 5204K [0x00000000c1600000, 0x00000000c3180000, 0x00000000eb200000)
  object space 28160K, 18% used [0x00000000c1600000,0x00000000c1b153d0,0x00000000c3180000)
 Metaspace       used 16626K, capacity 17068K, committed 17280K, reserved 1067008K
  class space    used 1992K, capacity 2120K, committed 2176K, reserved 1048576K
}

Deoptimization events (10 events):
Event: 9.360 Thread 0x000000000253d800 Uncommon trap: reason=bimorphic action=maybe_recompile pc=0x0000000002b21614 method=java.util.concurrent.ConcurrentHashMap.get(Ljava/lang/Object;)Ljava/lang/Object; @ 149
Event: 9.399 Thread 0x000000000253d800 Uncommon trap: reason=unstable_if action=reinterpret pc=0x0000000002cfbc90 method=org.eclipse.sisu.plexus.RealmFilteredBeans$FilteredItr.hasNext()Z @ 44
Event: 9.401 Thread 0x000000000253d800 Uncommon trap: reason=unstable_if action=reinterpret pc=0x0000000002b6299c method=java.util.LinkedHashMap.afterNodeInsertion(Z)V @ 18
Event: 9.452 Thread 0x000000000253d800 Uncommon trap: reason=bimorphic action=maybe_recompile pc=0x0000000002b377a4 method=java.util.regex.Pattern$CharProperty.match(Ljava/util/regex/Matcher;ILjava/lang/CharSequence;)Z @ 37
Event: 9.482 Thread 0x000000000253d800 Uncommon trap: reason=bimorphic action=maybe_recompile pc=0x0000000002b21614 method=java.util.concurrent.ConcurrentHashMap.get(Ljava/lang/Object;)Ljava/lang/Object; @ 149
Event: 9.489 Thread 0x000000000253d800 Uncommon trap: reason=bimorphic action=maybe_recompile pc=0x0000000002b21614 method=java.util.concurrent.ConcurrentHashMap.get(Ljava/lang/Object;)Ljava/lang/Object; @ 149
Event: 11.673 Thread 0x000000000253d800 Uncommon trap: reason=bimorphic action=maybe_recompile pc=0x0000000002b377a4 method=java.util.regex.Pattern$CharProperty.match(Ljava/util/regex/Matcher;ILjava/lang/CharSequence;)Z @ 37
Event: 12.379 Thread 0x000000000253d800 Uncommon trap: reason=bimorphic action=maybe_recompile pc=0x0000000002b377a4 method=java.util.regex.Pattern$CharProperty.match(Ljava/util/regex/Matcher;ILjava/lang/CharSequence;)Z @ 37
Event: 12.516 Thread 0x000000000253d800 Uncommon trap: reason=unstable_if action=reinterpret pc=0x0000000002e373f0 method=org.codehaus.plexus.classworlds.realm.Entry.matches(Ljava/lang/String;)Z @ 20
Event: 12.588 Thread 0x000000000253d800 Uncommon trap: reason=unstable_if action=reinterpret pc=0x00000000028c9ef0 method=java.util.HashMap.hash(Ljava/lang/Object;)I @ 1

Internal exceptions (10 events):
Event: 5.623 Thread 0x000000000253d800 Exception <a 'java/lang/NullPointerException'> (0x00000000ebeca5f8) thrown at [C:\re\workspace\8-2-build-windows-amd64-cygwin\jdk8u45\3627\hotspot\src\share\vm\interpreter\linkResolver.cpp, line 1178]
Event: 5.623 Thread 0x000000000253d800 Exception <a 'java/lang/NullPointerException'> (0x00000000ebeca7b8) thrown at [C:\re\workspace\8-2-build-windows-amd64-cygwin\jdk8u45\3627\hotspot\src\share\vm\interpreter\linkResolver.cpp, line 1178]
Event: 5.623 Thread 0x000000000253d800 Exception <a 'java/lang/NullPointerException'> (0x00000000ebeca978) thrown at [C:\re\workspace\8-2-build-windows-amd64-cygwin\jdk8u45\3627\hotspot\src\share\vm\interpreter\linkResolver.cpp, line 1178]
Event: 5.625 Thread 0x000000000253d800 Exception <a 'java/lang/NullPointerException'> (0x00000000ebee29f8) thrown at [C:\re\workspace\8-2-build-windows-amd64-cygwin\jdk8u45\3627\hotspot\src\share\vm\interpreter\linkResolver.cpp, line 1178]
Event: 5.625 Thread 0x000000000253d800 Exception <a 'java/lang/NullPointerException'> (0x00000000ebee2bb8) thrown at [C:\re\workspace\8-2-build-windows-amd64-cygwin\jdk8u45\3627\hotspot\src\share\vm\interpreter\linkResolver.cpp, line 1178]
Event: 5.625 Thread 0x000000000253d800 Exception <a 'java/lang/NullPointerException'> (0x00000000ebee2d78) thrown at [C:\re\workspace\8-2-build-windows-amd64-cygwin\jdk8u45\3627\hotspot\src\share\vm\interpreter\linkResolver.cpp, line 1178]
Event: 6.061 Thread 0x000000000253d800 Implicit null exception at 0x00000000027e9d95 to 0x00000000027e9f6d
Event: 6.061 Thread 0x000000000253d800 Implicit null exception at 0x00000000029120ef to 0x0000000002912159
Event: 6.221 Thread 0x000000000253d800 Implicit null exception at 0x0000000002b7889c to 0x0000000002b79a01
Event: 12.588 Thread 0x000000000253d800 Implicit null exception at 0x00000000028c9e58 to 0x00000000028c9ee6

Events (10 events):
Event: 13.366 loading class org/apache/maven/plugin/war/packaging/ClassesPackagingTask
Event: 13.366 loading class org/apache/maven/plugin/war/packaging/ClassesPackagingTask done
Event: 13.366 loading class org/apache/maven/plugin/war/packaging/ClassesPackagingTask
Event: 13.366 loading class org/apache/maven/plugin/war/packaging/ClassesPackagingTask done
Event: 13.366 loading class org/apache/maven/plugin/war/packaging/ClassesPackagingTask
Event: 13.366 loading class org/apache/maven/plugin/war/packaging/ClassesPackagingTask done
Event: 13.371 loading class org/codehaus/plexus/interpolation/InterpolationException
Event: 13.371 loading class org/codehaus/plexus/interpolation/InterpolationException done
Event: 13.371 loading class org/codehaus/plexus/interpolation/InterpolationException
Event: 13.371 loading class org/codehaus/plexus/interpolation/InterpolationException done


Dynamic libraries:
0x00007ff6dbca0000 - 0x00007ff6dbcd7000 	C:\Program Files\Java\jre1.8.0_45\bin\javaw.exe
0x00007fff24500000 - 0x00007fff246ad000 	C:\Windows\SYSTEM32\ntdll.dll
0x00007fff228e0000 - 0x00007fff22a1e000 	C:\Windows\system32\KERNEL32.DLL
0x00007fff21a60000 - 0x00007fff21b76000 	C:\Windows\system32\KERNELBASE.dll
0x00007fff20030000 - 0x00007fff200be000 	C:\Windows\system32\apphelp.dll
0x00007fff1a710000 - 0x00007fff1a764000 	C:\Windows\AppPatch\AppPatch64\AcGenral.DLL
0x00007fff22640000 - 0x00007fff226ea000 	C:\Windows\system32\msvcrt.dll
0x00007fff21980000 - 0x00007fff219ae000 	C:\Windows\system32\SspiCli.dll
0x00007fff22a20000 - 0x00007fff22a74000 	C:\Windows\system32\SHLWAPI.dll
0x00007fff22240000 - 0x00007fff223b7000 	C:\Windows\system32\USER32.dll
0x00007fff241b0000 - 0x00007fff24344000 	C:\Windows\system32\ole32.dll
0x00007fff22a80000 - 0x00007fff23fab000 	C:\Windows\system32\SHELL32.dll
0x00007fff20be0000 - 0x00007fff20c01000 	C:\Windows\SYSTEM32\USERENV.dll
0x00007fff21fd0000 - 0x00007fff2207a000 	C:\Windows\system32\ADVAPI32.dll
0x00007fff17ac0000 - 0x00007fff17ade000 	C:\Windows\SYSTEM32\MPR.dll
0x00007fff223d0000 - 0x00007fff22510000 	C:\Windows\system32\RPCRT4.dll
0x00007fff23ff0000 - 0x00007fff24049000 	C:\Windows\SYSTEM32\sechost.dll
0x00007fff21ba0000 - 0x00007fff21db2000 	C:\Windows\SYSTEM32\combase.dll
0x00007fff24350000 - 0x00007fff2449c000 	C:\Windows\system32\GDI32.dll
0x00007fff21620000 - 0x00007fff21635000 	C:\Windows\SYSTEM32\profapi.dll
0x00007fff1f850000 - 0x00007fff1f902000 	C:\Windows\SYSTEM32\SHCORE.dll
0x00007fff23fb0000 - 0x00007fff23fe6000 	C:\Windows\system32\IMM32.DLL
0x00007fff24050000 - 0x00007fff241a1000 	C:\Windows\system32\MSCTF.dll
0x00007fff1ed90000 - 0x00007fff1f00b000 	C:\Windows\WinSxS\amd64_microsoft.windows.common-controls_6595b64144ccf1df_6.0.9600.18006_none_623f33d3ecbe86e8\COMCTL32.dll
0x0000000077ca0000 - 0x0000000077d72000 	C:\Program Files\Java\jre1.8.0_45\bin\msvcr100.dll
0x0000000075b50000 - 0x00000000763d3000 	C:\Program Files\Java\jre1.8.0_45\bin\server\jvm.dll
0x00007fff17e80000 - 0x00007fff17e89000 	C:\Windows\SYSTEM32\WSOCK32.dll
0x00007fff1b9a0000 - 0x00007fff1b9c2000 	C:\Windows\SYSTEM32\WINMM.dll
0x00007fff1ad90000 - 0x00007fff1ad9a000 	C:\Windows\SYSTEM32\VERSION.dll
0x00007fff21fb0000 - 0x00007fff21fb7000 	C:\Windows\system32\PSAPI.DLL
0x00007fff21dc0000 - 0x00007fff21e1a000 	C:\Windows\system32\WS2_32.dll
0x00007fff1b970000 - 0x00007fff1b99a000 	C:\Windows\SYSTEM32\WINMMBASE.dll
0x00007fff21fc0000 - 0x00007fff21fc9000 	C:\Windows\system32\NSI.dll
0x00007fff21a10000 - 0x00007fff21a5f000 	C:\Windows\SYSTEM32\cfgmgr32.dll
0x00007fff20290000 - 0x00007fff202b8000 	C:\Windows\SYSTEM32\DEVOBJ.dll
0x0000000050300000 - 0x000000005030f000 	C:\Program Files\Java\jre1.8.0_45\bin\verify.dll
0x0000000077fd0000 - 0x0000000077ff9000 	C:\Program Files\Java\jre1.8.0_45\bin\java.dll
0x0000000077fb0000 - 0x0000000077fc6000 	C:\Program Files\Java\jre1.8.0_45\bin\zip.dll
0x00007fff20eb0000 - 0x00007fff20ed0000 	C:\Windows\SYSTEM32\CRYPTSP.dll
0x00007fff20ad0000 - 0x00007fff20b06000 	C:\Windows\system32\rsaenh.dll
0x00007fff21100000 - 0x00007fff21126000 	C:\Windows\SYSTEM32\bcrypt.dll
0x00007fff21420000 - 0x00007fff21483000 	C:\Windows\system32\bcryptprimitives.dll
0x00007fff21490000 - 0x00007fff2149b000 	C:\Windows\SYSTEM32\CRYPTBASE.dll
0x0000000077f90000 - 0x0000000077faa000 	C:\Program Files\Java\jre1.8.0_45\bin\net.dll
0x00007fff20e50000 - 0x00007fff20ea9000 	C:\Windows\system32\mswsock.dll
0x00007fff1c340000 - 0x00007fff1c36a000 	C:\Windows\SYSTEM32\IPHLPAPI.DLL
0x00007fff1d070000 - 0x00007fff1d07a000 	C:\Windows\SYSTEM32\WINNSI.DLL
0x00007fff1b1f0000 - 0x00007fff1b206000 	C:\Windows\SYSTEM32\dhcpcsvc6.DLL
0x00007fff1b340000 - 0x00007fff1b35a000 	C:\Windows\SYSTEM32\dhcpcsvc.DLL
0x0000000077f70000 - 0x0000000077f81000 	C:\Program Files\Java\jre1.8.0_45\bin\nio.dll
0x00007fff1d3d0000 - 0x00007fff1d3da000 	C:\Users\sangyoun\AppData\Local\Temp\jansi-1.17-1238492617938479985.dll
0x00007fff1d3c0000 - 0x00007fff1d3ca000 	C:\Users\sangyoun\AppData\Local\Temp\jansi-1.17-1496152540531846658.dll
0x00007fff1e140000 - 0x00007fff1e2c9000 	C:\Windows\SYSTEM32\dbghelp.dll

VM Arguments:
jvm_args: -Dmaven.home=EMBEDDED -Dclassworlds.conf=C:\Users\sangyoun\Documents\workspace-sts-3.9.6.RELEASE\.metadata\.plugins\org.eclipse.m2e.launching\launches\m2conf133910089998672989.tmp -Dmaven.multiModuleProjectDirectory=C:\Users\sangyoun\Documents\workspace-sts-3.9.6.RELEASE\LMService -Dfile.encoding=MS949 
java_command: org.codehaus.plexus.classworlds.launcher.Launcher -B install
java_class_path (initial): C:\Users\sangyoun\Downloads\spring-tool-suite-3.9.6.RELEASE-e4.9.0-win32-x86_64\sts-bundle\sts-3.9.6.RELEASE\plugins\org.eclipse.m2e.maven.runtime_1.9.1.20180912-1600\jars\plexus-classworlds-2.5.2.jar
Launcher Type: SUN_STANDARD

Environment Variables:
JAVA_HOME=C:\Program Files\Java\jdk1.8.0_25
CLASSPATH=.;C:\Program Files\Java\jdk1.8.0_25\lib\tools.jar
PATH=C:/Program Files/Java/jre1.8.0_45/bin/server;C:/Program Files/Java/jre1.8.0_45/bin;C:/Program Files/Java/jre1.8.0_45/lib/amd64;C:\ProgramData\Oracle\Java\javapath;C:\Program Files (x86)\Intel\iCLS Client\;C:\Program Files\Intel\iCLS Client\;C:\Windows\system32;C:\Windows;C:\Windows\System32\Wbem;C:\Windows\System32\WindowsPowerShell\v1.0\;C:\Program Files (x86)\Windows Live\Shared;C:\Program Files\Intel\Intel(R) Management Engine Components\DAL;C:\Program Files\Intel\Intel(R) Management Engine Components\IPT;C:\Program Files (x86)\Intel\Intel(R) Management Engine Components\DAL;C:\Program Files (x86)\Intel\Intel(R) Management Engine Components\IPT;C:\Program Files\Intel\WiFi\bin\;C:\Program Files\Common Files\Intel\WirelessCommon\;C:\Program Files\Java\jdk1.8.0_25\bin;C:\Users\sangyoun\AppData\Local\Android\android-sdk\tools;C:\Program Files\Microsoft SQL Server\110\Tools\Binn\;C:\Program Files (x86)\Windows Kits\8.1\Windows Performance Toolkit\;C:\Program Files (x86)\Microsoft SDKs\TypeScript\1.0\;C:\Program Files\Git\cmd;C:\Program Files\Bandizip\7z;C:\Program Files (x86)\ESTsoft\ALSee\x64;C:\Users\sangyoun\Downloads\spring-tool-suite-3.9.6.RELEASE-e4.9.0-win32-x86_64\sts-bundle\sts-3.9.6.RELEASE;
USERNAME=AppCreater01
OS=Windows_NT
PROCESSOR_IDENTIFIER=Intel64 Family 6 Model 69 Stepping 1, GenuineIntel



---------------  S Y S T E M  ---------------

OS: Windows 8.1 , 64 bit Build 9600 (6.3.9600.17415)

CPU:total 4 (2 cores per cpu, 2 threads per core) family 6 model 69 stepping 1, cmov, cx8, fxsr, mmx, sse, sse2, sse3, ssse3, sse4.1, sse4.2, popcnt, avx, avx2, aes, clmul, erms, lzcnt, ht, tsc, tscinvbit, bmi1, bmi2

Memory: 4k page, physical 4099872k(418916k free), swap 6617684k(5188k free)

vm_info: Java HotSpot(TM) 64-Bit Server VM (25.45-b02) for windows-amd64 JRE (1.8.0_45-b15), built on Apr 30 2015 12:40:44 by "java_re" with MS VC++ 10.0 (VS2010)

time: Sat Dec 15 20:43:04 2018
elapsed time: 13 seconds (0d 0h 0m 13s)

